<?xml version="1.0" encoding="UTF-8"?>
<testsuite xmlns:xsi="http://www.w3.org/2001/XMLSchema-instance" xsi:noNamespaceSchemaLocation="https://maven.apache.org/surefire/maven-surefire-plugin/xsd/surefire-test-report.xsd" name="com.dreamsathis.DreamsathisApplicationTests" time="8.789" tests="3" errors="0" skipped="0" failures="0">
  <properties>
[...]
</properties>
  <testcase name="doMult" classname="com.dreamsathis.DreamsathisApplicationTests" time="0.187"/>
  <testcase name="doSum" classname="com.dreamsathis.DreamsathisApplicationTests" time="0.002"/>
  <testcase name="contextLoads" classname="com.dreamsathis.DreamsathisApplicationTests" time="0.002"/>
</testsuite>